# JRE version: Java(TM) SE Runtime Environment (11.0.6+8) (build 11.0.6+8-LTS)
# Java VM: Java HotSpot(TM) 64-Bit Server VM (11.0.6+8-LTS, mixed mode, tiered, compressed oops, g1 gc, windows-amd64)
Heap:
 garbage-first heap   total 131072K, used 6685K [0x0000000081800000, 0x0000000100000000)
  region size 1024K, 2 young (2048K), 2 survivors (2048K)
 Metaspace       used 21046K, capacity 21748K, committed 21936K, reserved 1077248K
  class space    used 2428K, capacity 2733K, committed 2816K, reserved 1048576K
GC Heap History (10 events):
Event: 1.585 GC heap before
{Heap before GC invocations=0 (full 0):
 garbage-first heap   total 131072K, used 14336K [0x0000000081800000, 0x0000000100000000)
  region size 1024K, 14 young (14336K), 0 survivors (0K)
 Metaspace       used 13232K, capacity 13585K, committed 13824K, reserved 1060864K
  class space    used 1370K, capacity 1507K, committed 1536K, reserved 1048576K
}
Event: 1.597 GC heap after
{Heap after GC invocations=1 (full 0):
 garbage-first heap   total 131072K, used 4694K [0x0000000081800000, 0x0000000100000000)
  region size 1024K, 2 young (2048K), 2 survivors (2048K)
 Metaspace       used 13232K, capacity 13585K, committed 13824K, reserved 1060864K
  class space    used 1370K, capacity 1507K, committed 1536K, reserved 1048576K
}
Event: 1.731 GC heap before
{Heap before GC invocations=1 (full 0):
 garbage-first heap   total 131072K, used 8790K [0x0000000081800000, 0x0000000100000000)
  region size 1024K, 6 young (6144K), 2 survivors (2048K)
 Metaspace       used 14087K, capacity 14472K, committed 14720K, reserved 1062912K
  class space    used 1471K, capacity 1593K, committed 1664K, reserved 1048576K
}
Event: 1.735 GC heap after
{Heap after GC invocations=2 (full 0):
 garbage-first heap   total 131072K, used 4930K [0x0000000081800000, 0x0000000100000000)
  region size 1024K, 1 young (1024K), 1 survivors (1024K)
 Metaspace       used 14087K, capacity 14472K, committed 14720K, reserved 1062912K
  class space    used 1471K, capacity 1593K, committed 1664K, reserved 1048576K
}
Event: 2.192 GC heap before
{Heap before GC invocations=2 (full 0):
 garbage-first heap   total 131072K, used 26434K [0x0000000081800000, 0x0000000100000000)
  region size 1024K, 23 young (23552K), 1 survivors (1024K)
 Metaspace       used 19667K, capacity 20276K, committed 20480K, reserved 1067008K
  class space    used 2204K, capacity 2451K, committed 2560K, reserved 1048576K
}
Event: 2.197 GC heap after
{Heap after GC invocations=3 (full 0):
 garbage-first heap   total 131072K, used 6342K [0x0000000081800000, 0x0000000100000000)
  region size 1024K, 2 young (2048K), 2 survivors (2048K)
 Metaspace       used 19667K, capacity 20276K, committed 20480K, reserved 1067008K
  class space    used 2204K, capacity 2451K, committed 2560K, reserved 1048576K
}
Event: 2.262 GC heap before
{Heap before GC invocations=3 (full 0):
 garbage-first heap   total 131072K, used 10438K [0x0000000081800000, 0x0000000100000000)
  region size 1024K, 7 young (7168K), 2 survivors (2048K)
 Metaspace       used 20510K, capacity 21198K, committed 21296K, reserved 1069056K
  class space    used 2359K, capacity 2656K, committed 2688K, reserved 1048576K
}
Event: 2.266 GC heap after
{Heap after GC invocations=4 (full 0):
 garbage-first heap   total 131072K, used 6578K [0x0000000081800000, 0x0000000100000000)
  region size 1024K, 2 young (2048K), 2 survivors (2048K)
 Metaspace       used 20510K, capacity 21198K, committed 21296K, reserved 1069056K
  class space    used 2359K, capacity 2656K, committed 2688K, reserved 1048576K
}
Event: 2.356 GC heap before
{Heap before GC invocations=5 (full 0):
 garbage-first heap   total 131072K, used 8626K [0x0000000081800000, 0x0000000100000000)
  region size 1024K, 5 young (5120K), 2 survivors (2048K)
 Metaspace       used 21046K, capacity 21748K, committed 21936K, reserved 1075200K
  class space    used 2428K, capacity 2733K, committed 2816K, reserved 1048576K
}
Event: 2.360 GC heap after
{Heap after GC invocations=6 (full 0):
 garbage-first heap   total 131072K, used 6685K [0x0000000081800000, 0x0000000100000000)
  region size 1024K, 2 young (2048K), 2 survivors (2048K)
 Metaspace       used 21046K, capacity 21748K, committed 21936K, reserved 1075200K
  class space    used 2428K, capacity 2733K, committed 2816K, reserved 1048576K
}

